<?xml version="1.0" encoding="UTF-8"?>
<!-- Generated by org.testng.reporters.JUnitReportReporter -->
<testsuite hostname="JAYANT-PC" failures="0" tests="1" name="com.amazon.testcases.LoginTest" time="51.369" errors="0" timestamp="2023-09-20T17:14:50 IST" skipped="0">
  <testcase classname="com.amazon.testcases.LoginTest" name="login" time="51.369"/>
</testsuite> <!-- com.amazon.testcases.LoginTest -->
